-------------------------------------------------------------------------------
Test set: TestSuite
-------------------------------------------------------------------------------
Tests run: 1, Failures: 1, Errors: 0, Skipped: 0, Time elapsed: 4.215 s <<< FAILURE! - in TestSuite
TC_1(com.j2.test.TestSuite)  Time elapsed: 3.05 s  <<< FAILURE!
java.lang.IllegalArgumentException: Can not set io.appium.java_client.MobileElement field com.j2.pages.FT2.viewAllOption to org.openqa.selenium.remote.RemoteWebElement$$EnhancerByCGLIB$$dd998978
	at com.j2.test.TestSuite.TC_1(TestSuite.java:28)

